0 info it worked if it ends with ok
1 verbose cli [ '/usr/local/bin/node', '/usr/local/bin/npm', 'run', 'test' ]
2 info using npm@4.1.2
3 info using node@v7.7.3
4 verbose run-script [ 'pretest', 'test', 'posttest' ]
5 info lifecycle js-tictactoe-rails-api@0.1.0~pretest: js-tictactoe-rails-api@0.1.0
6 silly lifecycle js-tictactoe-rails-api@0.1.0~pretest: no script for pretest, continuing
7 info lifecycle js-tictactoe-rails-api@0.1.0~test: js-tictactoe-rails-api@0.1.0
8 verbose lifecycle js-tictactoe-rails-api@0.1.0~test: unsafe-perm in lifecycle true
9 verbose lifecycle js-tictactoe-rails-api@0.1.0~test: PATH: /usr/local/lib/node_modules/npm/bin/node-gyp-bin:/Users/Quinones/js-tictactoe-rails-api-v-000/node_modules/.bin:/usr/local/opt/qt@5.5/bin:/Library/Frameworks/Python.framework/Versions/3.6/bin:/Users/Quinones/.rvm/gems/ruby-2.3.1/bin:/Users/Quinones/.rvm/gems/ruby-2.3.1@global/bin:/Users/Quinones/.rvm/rubies/ruby-2.3.1/bin:/usr/local/bin:/usr/bin:/bin:/usr/sbin:/sbin:/opt/X11/bin:/Applications/Postgres.app/Contents/Versions/latest/bin:/usr/local/opt/qt@5.5/bin:/Library/Frameworks/Python.framework/Versions/3.6/bin:/Users/Quinones/.rvm/gems/ruby-2.3.1/bin:/Users/Quinones/.rvm/gems/ruby-2.3.1@global/bin:/Users/Quinones/.rvm/rubies/ruby-2.3.1/bin:/Users/Quinones/.rvm/bin:/usr/local/bin/chromedriver:/usr/local/bin/geckodriver:/Users/Quinones/.rvm/bin:/usr/local/bin/chromedriver:/usr/local/bin/geckodriver
10 verbose lifecycle js-tictactoe-rails-api@0.1.0~test: CWD: /Users/Quinones/js-tictactoe-rails-api-v-000
11 silly lifecycle js-tictactoe-rails-api@0.1.0~test: Args: [ '-c',
11 silly lifecycle   'mocha -w mocha-multi --reporter-options nyan=-,json=.results.json' ]
12 silly lifecycle js-tictactoe-rails-api@0.1.0~test: Returned: code: 1  signal: null
13 info lifecycle js-tictactoe-rails-api@0.1.0~test: Failed to exec test script
14 verbose stack Error: js-tictactoe-rails-api@0.1.0 test: `mocha -w mocha-multi --reporter-options nyan=-,json=.results.json`
14 verbose stack Exit status 1
14 verbose stack     at EventEmitter.<anonymous> (/usr/local/lib/node_modules/npm/lib/utils/lifecycle.js:279:16)
14 verbose stack     at emitTwo (events.js:106:13)
14 verbose stack     at EventEmitter.emit (events.js:194:7)
14 verbose stack     at ChildProcess.<anonymous> (/usr/local/lib/node_modules/npm/lib/utils/spawn.js:40:14)
14 verbose stack     at emitTwo (events.js:106:13)
14 verbose stack     at ChildProcess.emit (events.js:194:7)
14 verbose stack     at maybeClose (internal/child_process.js:899:16)
14 verbose stack     at Process.ChildProcess._handle.onexit (internal/child_process.js:226:5)
15 verbose pkgid js-tictactoe-rails-api@0.1.0
16 verbose cwd /Users/Quinones/js-tictactoe-rails-api-v-000
17 error Darwin 16.4.0
18 error argv "/usr/local/bin/node" "/usr/local/bin/npm" "run" "test"
19 error node v7.7.3
20 error npm  v4.1.2
21 error code ELIFECYCLE
22 error js-tictactoe-rails-api@0.1.0 test: `mocha -w mocha-multi --reporter-options nyan=-,json=.results.json`
22 error Exit status 1
23 error Failed at the js-tictactoe-rails-api@0.1.0 test script 'mocha -w mocha-multi --reporter-options nyan=-,json=.results.json'.
23 error Make sure you have the latest version of node.js and npm installed.
23 error If you do, this is most likely a problem with the js-tictactoe-rails-api package,
23 error not with npm itself.
23 error Tell the author that this fails on your system:
23 error     mocha -w mocha-multi --reporter-options nyan=-,json=.results.json
23 error You can get information on how to open an issue for this project with:
23 error     npm bugs js-tictactoe-rails-api
23 error Or if that isn't available, you can get their info via:
23 error     npm owner ls js-tictactoe-rails-api
23 error There is likely additional logging output above.
24 verbose exit [ 1, true ]
